*PADS-PCB*
*PART*
IC7    SOT143
R44    RESC1005-STAR
Y1     XTAL-200X126-4
C13    CAPC1005-STAR
C14    CAPC1005-STAR
IC1    BGA50P18X18-180
R4     RESC1005-STAR
R5     RESC1005-STAR
L1     3261
L2     3261
C1     CAPC3528-STAR
R3     RESC1005-STAR
R6     RESC1005-STAR
R7     RESC1005-STAR
R8     RESC1005-STAR
R1     RESC1005-STAR
R2     RESC1005-STAR
R41    RESC1005-STAR
R9     RESC1005-STAR
R10    RESC1005-STAR
R11    RESC1005-STAR
R12    RESC1005-STAR
R15    RESC1005-STAR
CN1    481900001
R16    RESC1005-STAR
R18    RESC1005-STAR
R17    RESC1005-STAR
C2     CAPC1005-STAR
SDCARD1 SDAMB-012
R22    RESC1005-STAR
R23    RESC1005-STAR
R24    RESC1005-STAR
R25    RESC1005-STAR
R26    RESC1005-STAR
R27    RESC1005-STAR
R28    RESC1005-STAR
R29    RESC1005-STAR
C7     CAPC1005-STAR
C12    CAPC1005-STAR
C10    CAPC3528-STAR
C9     CAPC1005-STAR
C8     CAPC1005-STAR
C11    CAPC1005-STAR
C16    CAPC1005-STAR
C21    CAPC1005-STAR
C19    CAPC3528-STAR
C18    CAPC1005-STAR
C17    CAPC1005-STAR
C20    CAPC1005-STAR
LED1   LED-RGB-5MM-RA
R36    RESC1005-STAR
R38    RESC1005-STAR
R39    RESC1005-STAR
LED2   LED-RGB-5MM-RA
R43    RESC1005-STAR
R46    RESC1005-STAR
R47    RESC1005-STAR
IC5    TSSOP14
JTAG1  TSM-105-01-DV
R34    RESC1005-STAR
R35    RESC1005-STAR
IC4    TSOP65P650-20
R32    RESC1005-STAR
R33    RESC1005-STAR
D2     SOT95P230-3
R21    RESC1005-STAR
C3     CAPC1005-STAR
D3     SOD323
CN3    G3168-0500XXXX-00
R37    RESC1005-STAR
FD1    FIDUCIAL 2
FD2    FIDUCIAL 2
FD3    FIDUCIAL 2
PCB1   
IC2    TSOC6
R13    RESC1005-STAR
R14    RESC1005-STAR
D1     SOT95P230-3D
R20    RESC1005-STAR
IC3    SOT23-6
R30    RESC1005-STAR
R31    RESC1005-STAR
R19    RESC1005-STAR
CN2    STX-2550-5N-TR
IC6    SOT-23-5
R40    RESC1005-STAR
R45    RESC1005-STAR
C6     CAPC1005-STAR
D4     SOD323
L3     3261
C4     CAPC2012-STAR
C15    CAPC1005-STAR
C5     CAPC1005-STAR
R42    RESC1005-STAR
*END*
