*PADS-PCB*
*PART*
C1     CAPC3528-STAR
C2     CAPC1005-STAR
C3     CAPC1005-STAR
C4     CAPC2012-STAR
C5     CAPC1005-STAR
C6     CAPC1005-STAR
C7     CAPC1005-STAR
C8     CAPC1005-STAR
C9     CAPC1005-STAR
C10    CAPC3528-STAR
C11    CAPC1005-STAR
C12    CAPC1005-STAR
C13    CAPC1005-STAR
C14    CAPC1005-STAR
C15    CAPC1005-STAR
C16    CAPC1005-STAR
C17    CAPC1005-STAR
C18    CAPC1005-STAR
C19    CAPC3528-STAR
C20    CAPC1005-STAR
C21    CAPC1005-STAR
CN1    481900001
CN2    STX-2550-5N-TR
CN3    G3168-0500XXXX-00
D1     SOT95P230-3D
D2     SOT95P230-3
D3     SOD323
D4     SOD323
FD1    FIDUCIAL 2
FD2    FIDUCIAL 2
FD3    FIDUCIAL 2
IC1    BGA50P18X18-180
IC2    TSOC6
IC3    SOT23-6
IC4    TSOP65P650-20
IC5    TSSOP14
IC6    SOT-23-5
IC7    SOT143
JTAG1  TSM-105-01-DV
L1     3261
L2     3261
L3     3261
LED1   LED-RGB-5MM-RA
LED2   LED-RGB-5MM-RA
PCB1   
R1     RESC1005-STAR
R2     RESC1005-STAR
R3     RESC1005-STAR
R4     RESC1005-STAR
R5     RESC1005-STAR
R6     RESC1005-STAR
R7     RESC1005-STAR
R8     RESC1005-STAR
R9     RESC1005-STAR
R10    RESC1005-STAR
R11    RESC1005-STAR
R12    RESC1005-STAR
R13    RESC1005-STAR
R14    RESC1005-STAR
R15    RESC1005-STAR
R16    RESC1005-STAR
R17    RESC1005-STAR
R18    RESC1005-STAR
R19    RESC1005-STAR
R20    RESC1005-STAR
R21    RESC1005-STAR
R22    RESC1005-STAR
R23    RESC1005-STAR
R24    RESC1005-STAR
R25    RESC1005-STAR
R26    RESC1005-STAR
R27    RESC1005-STAR
R28    RESC1005-STAR
R29    RESC1005-STAR
R30    RESC1005-STAR
R31    RESC1005-STAR
R32    RESC1005-STAR
R33    RESC1005-STAR
R34    RESC1005-STAR
R35    RESC1005-STAR
R36    RESC1005-STAR
R37    RESC1005-STAR
R38    RESC1005-STAR
R39    RESC1005-STAR
R40    RESC1005-STAR
R41    RESC1005-STAR
R42    RESC1005-STAR
R43    RESC1005-STAR
R44    RESC1005-STAR
R45    RESC1005-STAR
R46    RESC1005-STAR
R47    RESC1005-STAR
SDCARD1 SDAMB-012
Y1     XTAL-200X126-4
*END*
